<?xml version="1.0" encoding="UTF-8"?>
<!-- Generated by org.testng.reporters.JUnitReportReporter -->
<testsuite skipped="0" hostname="DESKTOP-6LIQUOQ" name="com.ca.testcases.HomePageTest" tests="1" failures="0" timestamp="06 Apr 2019 22:38:53 GMT" time="90.954" errors="0">
  <testcase name="validateSearch" time="90.954" classname="com.ca.testcases.HomePageTest"/>
</testsuite> <!-- com.ca.testcases.HomePageTest -->
