<?xml version="1.0" encoding="UTF-8"?>
<!-- Generated by org.testng.reporters.JUnitReportReporter -->
<testsuite skipped="0" hostname="DESKTOP-6LIQUOQ" name="com.ca.testcases.AgentPageTest" tests="1" failures="0" timestamp="06 Apr 2019 22:38:53 GMT" time="107.996" errors="0">
  <testcase name="verify_Agent_Name" time="107.996" classname="com.ca.testcases.AgentPageTest"/>
</testsuite> <!-- com.ca.testcases.AgentPageTest -->
