<?xml version="1.0" encoding="UTF-8"?>
<!-- Generated by org.testng.reporters.JUnitReportReporter -->
<testsuite skipped="0" hostname="DESKTOP-6LIQUOQ" name="com.ca.testcases.PropertyDetailsPageTest" tests="2" failures="0" timestamp="06 Apr 2019 22:38:53 GMT" time="96.580" errors="0">
  <testcase name="printAgentdetails" time="43.937" classname="com.ca.testcases.PropertyDetailsPageTest"/>
  <testcase name="clickOnAgentNameLink" time="52.643" classname="com.ca.testcases.PropertyDetailsPageTest"/>
</testsuite> <!-- com.ca.testcases.PropertyDetailsPageTest -->
