<?xml version="1.0" encoding="UTF-8"?>
<!-- Generated by org.testng.reporters.JUnitReportReporter -->
<testsuite skipped="0" hostname="DESKTOP-6LIQUOQ" name="com.ca.testcases.PropertyPageTest" tests="2" failures="0" timestamp="06 Apr 2019 22:38:53 GMT" time="74.999" errors="0">
  <testcase name="PrintPriceList" time="37.548" classname="com.ca.testcases.PropertyPageTest"/>
  <testcase name="click_on_5th_property" time="37.451" classname="com.ca.testcases.PropertyPageTest"/>
</testsuite> <!-- com.ca.testcases.PropertyPageTest -->
